<?xml version="1.0" encoding="UTF-8" standalone="yes"?><!DOCTYPE report PUBLIC "-//JACOCO//DTD Report 1.1//EN" "report.dtd"><report name="labo1"><sessioninfo id="DESKTOP-Q86AHIE-f6bdb967" start="1711210282803" dump="1711210284393"/><sessioninfo id="DESKTOP-Q86AHIE-87c017c4" start="1711212315257" dump="1711212316591"/><sessioninfo id="DESKTOP-Q86AHIE-c4b31bd9" start="1711212361491" dump="1711212362890"/><sessioninfo id="DESKTOP-Q86AHIE-4d1d9e56" start="1711212392770" dump="1711212394229"/><sessioninfo id="DESKTOP-Q86AHIE-a392ee47" start="1711212417898" dump="1711212419272"/><sessioninfo id="DESKTOP-Q86AHIE-3861564a" start="1711212458666" dump="1711212460039"/><sessioninfo id="DESKTOP-Q86AHIE-674fe1cb" start="1711212466027" dump="1711212467435"/><sessioninfo id="DESKTOP-Q86AHIE-a61aa665" start="1711212557375" dump="1711212558736"/><sessioninfo id="DESKTOP-Q86AHIE-6c1d3c4" start="1711212578461" dump="1711212579922"/><sessioninfo id="DESKTOP-Q86AHIE-8cfc789e" start="1711212601230" dump="1711212602563"/><sessioninfo id="DESKTOP-Q86AHIE-fe328e5e" start="1711212671554" dump="1711212672920"/><sessioninfo id="DESKTOP-Q86AHIE-ec28f213" start="1711212731902" dump="1711212733515"/><sessioninfo id="DESKTOP-Q86AHIE-2a7b599a" start="1711212755749" dump="1711212756975"/><sessioninfo id="DESKTOP-Q86AHIE-e0c9fce3" start="1711212778455" dump="1711212779795"/><sessioninfo id="DESKTOP-Q86AHIE-76e4b2f" start="1711212935926" dump="1711212937284"/><sessioninfo id="DESKTOP-Q86AHIE-9bdf2d5a" start="1711213020759" dump="1711213022145"/><sessioninfo id="DESKTOP-Q86AHIE-4cc5d5ed" start="1711213050286" dump="1711213051706"/><sessioninfo id="DESKTOP-Q86AHIE-57f364d" start="1711213119936" dump="1711213121218"/><sessioninfo id="DESKTOP-Q86AHIE-878c2d1d" start="1711213305220" dump="1711213306679"/><sessioninfo id="DESKTOP-Q86AHIE-9c9da6f5" start="1711213325714" dump="1711213327085"/><sessioninfo id="DESKTOP-Q86AHIE-b9b6091d" start="1711213381191" dump="1711213382509"/><sessioninfo id="DESKTOP-Q86AHIE-2dffe501" start="1711213399003" dump="1711213400308"/><sessioninfo id="DESKTOP-Q86AHIE-39e7be59" start="1711213442807" dump="1711213444185"/><sessioninfo id="DESKTOP-Q86AHIE-151e8250" start="1711213509345" dump="1711213510577"/><sessioninfo id="DESKTOP-Q86AHIE-6197e576" start="1711213570194" dump="1711213571837"/><sessioninfo id="DESKTOP-Q86AHIE-f836200a" start="1711213586820" dump="1711213588167"/><sessioninfo id="DESKTOP-Q86AHIE-a4ced876" start="1711213719494" dump="1711213720786"/><sessioninfo id="DESKTOP-Q86AHIE-661f55bc" start="1711213869316" dump="1711213870503"/><sessioninfo id="DESKTOP-Q86AHIE-e87169d7" start="1711213903716" dump="1711213904973"/><sessioninfo id="DESKTOP-Q86AHIE-fe099b11" start="1711214051616" dump="1711214052923"/><sessioninfo id="DESKTOP-Q86AHIE-24eb8d3a" start="1711214187047" dump="1711214188399"/><sessioninfo id="DESKTOP-Q86AHIE-36009c53" start="1711214194774" dump="1711214196043"/><package name="aed"><class name="aed/Funciones" sourcefilename="Funciones.java"><method name="&lt;init&gt;" desc="()V" line="3"><counter type="INSTRUCTION" missed="0" covered="3"/><counter type="LINE" missed="0" covered="1"/><counter type="COMPLEXITY" missed="0" covered="1"/><counter type="METHOD" missed="0" covered="1"/></method><method name="cuadrado" desc="(I)I" line="5"><counter type="INSTRUCTION" missed="0" covered="4"/><counter type="LINE" missed="0" covered="1"/><counter type="COMPLEXITY" missed="0" covered="1"/><counter type="METHOD" missed="0" covered="1"/></method><method name="distancia" desc="(DD)D" line="9"><counter type="INSTRUCTION" missed="0" covered="9"/><counter type="LINE" missed="0" covered="1"/><counter type="COMPLEXITY" missed="0" covered="1"/><counter type="METHOD" missed="0" covered="1"/></method><method name="esPar" desc="(I)Z" line="13"><counter type="INSTRUCTION" missed="0" covered="8"/><counter type="BRANCH" missed="0" covered="2"/><counter type="LINE" missed="0" covered="1"/><counter type="COMPLEXITY" missed="0" covered="2"/><counter type="METHOD" missed="0" covered="1"/></method><method name="esBisiesto" desc="(I)Z" line="17"><counter type="INSTRUCTION" missed="0" covered="16"/><counter type="BRANCH" missed="0" covered="6"/><counter type="LINE" missed="0" covered="1"/><counter type="COMPLEXITY" missed="0" covered="4"/><counter type="METHOD" missed="0" covered="1"/></method><method name="factorialIterativo" desc="(I)I" line="21"><counter type="INSTRUCTION" missed="0" covered="13"/><counter type="BRANCH" missed="0" covered="2"/><counter type="LINE" missed="0" covered="5"/><counter type="COMPLEXITY" missed="0" covered="2"/><counter type="METHOD" missed="0" covered="1"/></method><method name="factorialRecursivo" desc="(I)I" line="30"><counter type="INSTRUCTION" missed="0" covered="15"/><counter type="BRANCH" missed="0" covered="4"/><counter type="LINE" missed="0" covered="3"/><counter type="COMPLEXITY" missed="0" covered="3"/><counter type="METHOD" missed="0" covered="1"/></method><method name="esPrimo" desc="(I)Z" line="38"><counter type="INSTRUCTION" missed="0" covered="28"/><counter type="BRANCH" missed="0" covered="10"/><counter type="LINE" missed="0" covered="5"/><counter type="COMPLEXITY" missed="0" covered="6"/><counter type="METHOD" missed="0" covered="1"/></method><method name="sumatoria" desc="([I)I" line="47"><counter type="INSTRUCTION" missed="0" covered="18"/><counter type="BRANCH" missed="0" covered="2"/><counter type="LINE" missed="0" covered="4"/><counter type="COMPLEXITY" missed="0" covered="2"/><counter type="METHOD" missed="0" covered="1"/></method><method name="busqueda" desc="([II)I" line="55"><counter type="INSTRUCTION" missed="0" covered="20"/><counter type="BRANCH" missed="1" covered="3"/><counter type="LINE" missed="0" covered="6"/><counter type="COMPLEXITY" missed="1" covered="2"/><counter type="METHOD" missed="0" covered="1"/></method><method name="tienePrimo" desc="([I)Z" line="66"><counter type="INSTRUCTION" missed="0" covered="21"/><counter type="BRANCH" missed="0" covered="4"/><counter type="LINE" missed="0" covered="6"/><counter type="COMPLEXITY" missed="0" covered="3"/><counter type="METHOD" missed="0" covered="1"/></method><method name="todosPares" desc="([I)Z" line="77"><counter type="INSTRUCTION" missed="0" covered="21"/><counter type="BRANCH" missed="0" covered="4"/><counter type="LINE" missed="0" covered="6"/><counter type="COMPLEXITY" missed="0" covered="3"/><counter type="METHOD" missed="0" covered="1"/></method><method name="esPrefijo" desc="(Ljava/lang/String;Ljava/lang/String;)Z" line="89"><counter type="INSTRUCTION" missed="0" covered="28"/><counter type="BRANCH" missed="0" covered="6"/><counter type="LINE" missed="0" covered="5"/><counter type="COMPLEXITY" missed="0" covered="4"/><counter type="METHOD" missed="0" covered="1"/></method><method name="esSufijo" desc="(Ljava/lang/String;Ljava/lang/String;)Z" line="98"><counter type="INSTRUCTION" missed="0" covered="38"/><counter type="BRANCH" missed="0" covered="6"/><counter type="LINE" missed="0" covered="5"/><counter type="COMPLEXITY" missed="0" covered="4"/><counter type="METHOD" missed="0" covered="1"/></method><counter type="INSTRUCTION" missed="0" covered="242"/><counter type="BRANCH" missed="1" covered="49"/><counter type="LINE" missed="0" covered="50"/><counter type="COMPLEXITY" missed="1" covered="38"/><counter type="METHOD" missed="0" covered="14"/><counter type="CLASS" missed="0" covered="1"/></class><sourcefile name="Funciones.java"><line nr="3" mi="0" ci="3" mb="0" cb="0"/><line nr="5" mi="0" ci="4" mb="0" cb="0"/><line nr="9" mi="0" ci="9" mb="0" cb="0"/><line nr="13" mi="0" ci="8" mb="0" cb="2"/><line nr="17" mi="0" ci="16" mb="0" cb="6"/><line nr="21" mi="0" ci="2" mb="0" cb="0"/><line nr="22" mi="0" ci="4" mb="0" cb="2"/><line nr="23" mi="0" ci="4" mb="0" cb="0"/><line nr="24" mi="0" ci="1" mb="0" cb="0"/><line nr="26" mi="0" ci="2" mb="0" cb="0"/><line nr="30" mi="0" ci="5" mb="0" cb="4"/><line nr="31" mi="0" ci="2" mb="0" cb="0"/><line nr="34" mi="0" ci="8" mb="0" cb="0"/><line nr="38" mi="0" ci="2" mb="0" cb="0"/><line nr="39" mi="0" ci="5" mb="0" cb="2"/><line nr="40" mi="0" ci="7" mb="0" cb="2"/><line nr="41" mi="0" ci="12" mb="0" cb="6"/><line nr="43" mi="0" ci="2" mb="0" cb="0"/><line nr="47" mi="0" ci="2" mb="0" cb="0"/><line nr="48" mi="0" ci="8" mb="0" cb="2"/><line nr="49" mi="0" ci="6" mb="0" cb="0"/><line nr="51" mi="0" ci="2" mb="0" cb="0"/><line nr="55" mi="0" ci="2" mb="0" cb="0"/><line nr="56" mi="0" ci="8" mb="1" cb="1"/><line nr="57" mi="0" ci="5" mb="0" cb="2"/><line nr="58" mi="0" ci="2" mb="0" cb="0"/><line nr="59" mi="0" ci="1" mb="0" cb="0"/><line nr="62" mi="0" ci="2" mb="0" cb="0"/><line nr="66" mi="0" ci="2" mb="0" cb="0"/><line nr="67" mi="0" ci="8" mb="0" cb="2"/><line nr="68" mi="0" ci="6" mb="0" cb="2"/><line nr="69" mi="0" ci="2" mb="0" cb="0"/><line nr="70" mi="0" ci="1" mb="0" cb="0"/><line nr="73" mi="0" ci="2" mb="0" cb="0"/><line nr="77" mi="0" ci="2" mb="0" cb="0"/><line nr="78" mi="0" ci="8" mb="0" cb="2"/><line nr="79" mi="0" ci="6" mb="0" cb="2"/><line nr="80" mi="0" ci="2" mb="0" cb="0"/><line nr="81" mi="0" ci="1" mb="0" cb="0"/><line nr="85" mi="0" ci="2" mb="0" cb="0"/><line nr="89" mi="0" ci="2" mb="0" cb="0"/><line nr="90" mi="0" ci="7" mb="0" cb="2"/><line nr="91" mi="0" ci="8" mb="0" cb="2"/><line nr="92" mi="0" ci="9" mb="0" cb="2"/><line nr="94" mi="0" ci="2" mb="0" cb="0"/><line nr="98" mi="0" ci="2" mb="0" cb="0"/><line nr="99" mi="0" ci="7" mb="0" cb="2"/><line nr="100" mi="0" ci="8" mb="0" cb="2"/><line nr="101" mi="0" ci="19" mb="0" cb="2"/><line nr="103" mi="0" ci="2" mb="0" cb="0"/><counter type="INSTRUCTION" missed="0" covered="242"/><counter type="BRANCH" missed="1" covered="49"/><counter type="LINE" missed="0" covered="50"/><counter type="COMPLEXITY" missed="1" covered="38"/><counter type="METHOD" missed="0" covered="14"/><counter type="CLASS" missed="0" covered="1"/></sourcefile><counter type="INSTRUCTION" missed="0" covered="242"/><counter type="BRANCH" missed="1" covered="49"/><counter type="LINE" missed="0" covered="50"/><counter type="COMPLEXITY" missed="1" covered="38"/><counter type="METHOD" missed="0" covered="14"/><counter type="CLASS" missed="0" covered="1"/></package><counter type="INSTRUCTION" missed="0" covered="242"/><counter type="BRANCH" missed="1" covered="49"/><counter type="LINE" missed="0" covered="50"/><counter type="COMPLEXITY" missed="1" covered="38"/><counter type="METHOD" missed="0" covered="14"/><counter type="CLASS" missed="0" covered="1"/></report>