<?xml version="1.0" encoding="UTF-8" standalone="yes"?><!DOCTYPE report PUBLIC "-//JACOCO//DTD Report 1.1//EN" "report.dtd"><report name="labo4"><sessioninfo id="DESKTOP-Q86AHIE-c97609af" start="1715468874816" dump="1715468876396"/><sessioninfo id="DESKTOP-Q86AHIE-102dc48a" start="1715468955118" dump="1715468956611"/><sessioninfo id="DESKTOP-Q86AHIE-71c3560f" start="1715469401784" dump="1715469403413"/><sessioninfo id="DESKTOP-Q86AHIE-79a4b693" start="1715469552124" dump="1715469553659"/><sessioninfo id="DESKTOP-Q86AHIE-896e732d" start="1715469619235" dump="1715469620877"/><sessioninfo id="DESKTOP-Q86AHIE-bb940b49" start="1715469650029" dump="1715469651967"/><sessioninfo id="DESKTOP-Q86AHIE-78e6893d" start="1715469912476" dump="1715469913967"/><sessioninfo id="DESKTOP-Q86AHIE-1bb00a9f" start="1715470049726" dump="1715470051379"/><sessioninfo id="DESKTOP-Q86AHIE-d48a5e1b" start="1715470058459" dump="1715470059975"/><sessioninfo id="DESKTOP-Q86AHIE-30b999b7" start="1715470071243" dump="1715470073027"/><sessioninfo id="DESKTOP-Q86AHIE-e1d06f49" start="1715470101148" dump="1715470102571"/><sessioninfo id="DESKTOP-Q86AHIE-92df37ff" start="1715470746620" dump="1715470748244"/><sessioninfo id="DESKTOP-Q86AHIE-8e9115f5" start="1715470820794" dump="1715470822658"/><sessioninfo id="DESKTOP-Q86AHIE-fbabba06" start="1715470839411" dump="1715470841123"/><sessioninfo id="DESKTOP-Q86AHIE-6bf98799" start="1715470901738" dump="1715470903367"/><sessioninfo id="DESKTOP-Q86AHIE-ed8eadb1" start="1715471049232" dump="1715471050716"/><sessioninfo id="DESKTOP-Q86AHIE-b0aebb0e" start="1715471129455" dump="1715471130819"/><sessioninfo id="DESKTOP-Q86AHIE-98fe0e0b" start="1715471795430" dump="1715471797156"/><sessioninfo id="DESKTOP-Q86AHIE-f97ff157" start="1715471877577" dump="1715471879012"/><sessioninfo id="DESKTOP-Q86AHIE-8a03be9d" start="1715472147150" dump="1715472148590"/><sessioninfo id="DESKTOP-Q86AHIE-eaff1dbe" start="1715472173367" dump="1715472174757"/><sessioninfo id="DESKTOP-Q86AHIE-e514c5e0" start="1715472189299" dump="1715472190689"/><sessioninfo id="DESKTOP-Q86AHIE-b9ce25b8" start="1715472299788" dump="1715472301133"/><sessioninfo id="DESKTOP-Q86AHIE-cdbb95eb" start="1715472356281" dump="1715472357763"/><sessioninfo id="DESKTOP-Q86AHIE-e550983c" start="1715472376239" dump="1715472377707"/><sessioninfo id="DESKTOP-Q86AHIE-c0b7afd9" start="1715472399785" dump="1715472401446"/><sessioninfo id="DESKTOP-Q86AHIE-af4d14ce" start="1715472417032" dump="1715472418405"/><sessioninfo id="DESKTOP-Q86AHIE-f83ae4f1" start="1715472553797" dump="1715472555372"/><sessioninfo id="DESKTOP-Q86AHIE-e4dc8cb" start="1715472571805" dump="1715472573234"/><sessioninfo id="DESKTOP-Q86AHIE-b3e58491" start="1715472589121" dump="1715472590473"/><sessioninfo id="DESKTOP-Q86AHIE-ca900eb8" start="1715472705909" dump="1715472707487"/><sessioninfo id="DESKTOP-Q86AHIE-9c0ebbda" start="1715472794708" dump="1715472796093"/><sessioninfo id="DESKTOP-Q86AHIE-5720597f" start="1715472805126" dump="1715472806567"/><sessioninfo id="DESKTOP-Q86AHIE-e723b414" start="1715472979727" dump="1715472981146"/><sessioninfo id="DESKTOP-Q86AHIE-81feb230" start="1715472992372" dump="1715472994585"/><sessioninfo id="DESKTOP-Q86AHIE-b7672881" start="1715473064473" dump="1715473065975"/><sessioninfo id="DESKTOP-Q86AHIE-52236d4b" start="1715473180444" dump="1715473181926"/><sessioninfo id="DESKTOP-Q86AHIE-310fe6ed" start="1715473230129" dump="1715473231657"/><sessioninfo id="DESKTOP-Q86AHIE-6790582a" start="1715473326549" dump="1715473327891"/><sessioninfo id="DESKTOP-Q86AHIE-15b6450c" start="1715475397573" dump="1715475399181"/><sessioninfo id="DESKTOP-Q86AHIE-c67eec60" start="1715475566465" dump="1715475567941"/><sessioninfo id="DESKTOP-Q86AHIE-facb083d" start="1715475665075" dump="1715475666505"/><sessioninfo id="DESKTOP-Q86AHIE-6911192" start="1715475672752" dump="1715475674180"/><sessioninfo id="DESKTOP-Q86AHIE-c1e2d53f" start="1715475685814" dump="1715475687187"/><sessioninfo id="DESKTOP-Q86AHIE-4d1a47d1" start="1715475857696" dump="1715475859234"/><sessioninfo id="DESKTOP-Q86AHIE-a2f14ead" start="1715475883794" dump="1715475885238"/><sessioninfo id="DESKTOP-Q86AHIE-dd542dd0" start="1715475953717" dump="1715475955187"/><sessioninfo id="DESKTOP-Q86AHIE-8395f44e" start="1715475963628" dump="1715475965193"/><sessioninfo id="DESKTOP-Q86AHIE-447bd2a9" start="1715476157860" dump="1715476159278"/><sessioninfo id="DESKTOP-Q86AHIE-33b341bc" start="1715476231043" dump="1715476232412"/><sessioninfo id="DESKTOP-Q86AHIE-2ec3d073" start="1715476276675" dump="1715476278168"/><sessioninfo id="DESKTOP-Q86AHIE-fb26a241" start="1715476298157" dump="1715476299547"/><sessioninfo id="DESKTOP-Q86AHIE-af6f72f8" start="1715476334873" dump="1715476336377"/><sessioninfo id="DESKTOP-Q86AHIE-3457d1f6" start="1715476423610" dump="1715476425018"/><sessioninfo id="DESKTOP-Q86AHIE-f6096cb0" start="1715476495064" dump="1715476496411"/><sessioninfo id="DESKTOP-Q86AHIE-d6d99f81" start="1715476572547" dump="1715476573942"/><sessioninfo id="DESKTOP-Q86AHIE-59e36d4f" start="1715476638295" dump="1715476639788"/><sessioninfo id="DESKTOP-Q86AHIE-60cabb1c" start="1715476650276" dump="1715476651672"/><sessioninfo id="DESKTOP-Q86AHIE-b357b5f2" start="1715476676536" dump="1715476677878"/><sessioninfo id="DESKTOP-Q86AHIE-e69f4faa" start="1715476686202" dump="1715476687581"/><sessioninfo id="DESKTOP-Q86AHIE-ea538e41" start="1715476746015" dump="1715476747368"/><sessioninfo id="DESKTOP-Q86AHIE-e09fe221" start="1715476827165" dump="1715476828577"/><sessioninfo id="DESKTOP-Q86AHIE-a84ac0a3" start="1715477027538" dump="1715477028870"/><sessioninfo id="DESKTOP-Q86AHIE-dfd626c8" start="1715477039929" dump="1715477041355"/><sessioninfo id="DESKTOP-Q86AHIE-ab8a515a" start="1715477147104" dump="1715477148441"/><sessioninfo id="DESKTOP-Q86AHIE-a3ee0311" start="1715477202028" dump="1715477203395"/><sessioninfo id="DESKTOP-Q86AHIE-78fc8962" start="1715477236317" dump="1715477237741"/><sessioninfo id="DESKTOP-Q86AHIE-89ce42d4" start="1715478006819" dump="1715478008432"/><sessioninfo id="DESKTOP-Q86AHIE-ad37457e" start="1715478052304" dump="1715478053777"/><sessioninfo id="DESKTOP-Q86AHIE-5e05d8c2" start="1715478128269" dump="1715478129947"/><sessioninfo id="DESKTOP-Q86AHIE-81d91df9" start="1715478174606" dump="1715478176262"/><sessioninfo id="DESKTOP-Q86AHIE-12afe497" start="1715478198290" dump="1715478199722"/><sessioninfo id="DESKTOP-Q86AHIE-593f6556" start="1715478226025" dump="1715478227711"/><sessioninfo id="DESKTOP-Q86AHIE-cc99a9aa" start="1715478353960" dump="1715478355382"/><sessioninfo id="DESKTOP-Q86AHIE-4b567a68" start="1715478413985" dump="1715478415382"/><sessioninfo id="DESKTOP-Q86AHIE-94c3bf4e" start="1715478435633" dump="1715478436956"/><sessioninfo id="DESKTOP-Q86AHIE-7323c875" start="1715478451001" dump="1715478452393"/><sessioninfo id="DESKTOP-Q86AHIE-3e4f4b6d" start="1715478463211" dump="1715478465050"/><sessioninfo id="DESKTOP-Q86AHIE-551f5d9b" start="1715478576142" dump="1715478577519"/><sessioninfo id="DESKTOP-Q86AHIE-af08fbcb" start="1715478594567" dump="1715478595928"/><sessioninfo id="DESKTOP-Q86AHIE-3319f401" start="1715478644930" dump="1715478646417"/><sessioninfo id="DESKTOP-Q86AHIE-4b08804c" start="1715478663077" dump="1715478664635"/><sessioninfo id="DESKTOP-Q86AHIE-92cc9fdb" start="1715478760791" dump="1715478762292"/><sessioninfo id="DESKTOP-Q86AHIE-8444276d" start="1715478839621" dump="1715478841035"/><sessioninfo id="DESKTOP-Q86AHIE-6d7a43c0" start="1715478859282" dump="1715478860738"/><sessioninfo id="DESKTOP-Q86AHIE-e803b908" start="1715478884276" dump="1715478885607"/><sessioninfo id="DESKTOP-Q86AHIE-1ae562c1" start="1715478959686" dump="1715478961074"/><sessioninfo id="DESKTOP-Q86AHIE-72e853c9" start="1715479011441" dump="1715479012955"/><sessioninfo id="DESKTOP-Q86AHIE-d38958fe" start="1715479096598" dump="1715479098128"/><sessioninfo id="DESKTOP-Q86AHIE-d968f0d6" start="1715479241091" dump="1715479242779"/><sessioninfo id="DESKTOP-Q86AHIE-ea7e4645" start="1715479275122" dump="1715479276462"/><sessioninfo id="DESKTOP-Q86AHIE-64233e98" start="1715479317311" dump="1715479318589"/><sessioninfo id="DESKTOP-Q86AHIE-9a51d362" start="1715479340722" dump="1715479342174"/><sessioninfo id="DESKTOP-Q86AHIE-7a37a854" start="1715479446755" dump="1715479448137"/><sessioninfo id="DESKTOP-Q86AHIE-fc6ffe46" start="1715479484747" dump="1715479486215"/><sessioninfo id="DESKTOP-Q86AHIE-73371419" start="1715479494014" dump="1715479495332"/><sessioninfo id="DESKTOP-Q86AHIE-41505608" start="1715479501445" dump="1715479502868"/><sessioninfo id="DESKTOP-Q86AHIE-444d1d4e" start="1715479536770" dump="1715479538140"/><sessioninfo id="DESKTOP-Q86AHIE-49dfe875" start="1715479557622" dump="1715479559085"/><sessioninfo id="DESKTOP-Q86AHIE-ac077b59" start="1715479632882" dump="1715479634332"/><sessioninfo id="DESKTOP-Q86AHIE-18e53f1b" start="1715479646475" dump="1715479647863"/><sessioninfo id="DESKTOP-Q86AHIE-88d373ee" start="1715479655008" dump="1715479656307"/><sessioninfo id="DESKTOP-Q86AHIE-d1def6a7" start="1715479702743" dump="1715479704512"/><sessioninfo id="DESKTOP-Q86AHIE-2248d776" start="1715479721585" dump="1715479722998"/><sessioninfo id="DESKTOP-Q86AHIE-227e6a9b" start="1715479731299" dump="1715479732738"/><sessioninfo id="DESKTOP-Q86AHIE-703acf2b" start="1715479792728" dump="1715479794299"/><sessioninfo id="DESKTOP-Q86AHIE-6348c5c0" start="1715479829885" dump="1715479831306"/><sessioninfo id="DESKTOP-Q86AHIE-e5d39c82" start="1715479839241" dump="1715479840887"/><sessioninfo id="DESKTOP-Q86AHIE-ca0b256e" start="1715479880827" dump="1715479882371"/><sessioninfo id="DESKTOP-Q86AHIE-a5e773b6" start="1715479886146" dump="1715479887526"/><package name="aed"><class name="aed/ListaEnlazada" sourcefilename="ListaEnlazada.java"><method name="&lt;init&gt;" desc="()V" line="20"><counter type="INSTRUCTION" missed="0" covered="6"/><counter type="LINE" missed="0" covered="3"/><counter type="COMPLEXITY" missed="0" covered="1"/><counter type="METHOD" missed="0" covered="1"/></method><method name="&lt;init&gt;" desc="(Laed/ListaEnlazada;)V" line="24"><counter type="INSTRUCTION" missed="0" covered="11"/><counter type="LINE" missed="0" covered="4"/><counter type="COMPLEXITY" missed="0" covered="1"/><counter type="METHOD" missed="0" covered="1"/></method><method name="longitud" desc="()I" line="30"><counter type="INSTRUCTION" missed="0" covered="3"/><counter type="LINE" missed="0" covered="1"/><counter type="COMPLEXITY" missed="0" covered="1"/><counter type="METHOD" missed="0" covered="1"/></method><method name="agregarAdelante" desc="(Ljava/lang/Object;)V" line="34"><counter type="INSTRUCTION" missed="0" covered="32"/><counter type="BRANCH" missed="0" covered="2"/><counter type="LINE" missed="0" covered="9"/><counter type="COMPLEXITY" missed="0" covered="2"/><counter type="METHOD" missed="0" covered="1"/></method><method name="agregarAtras" desc="(Ljava/lang/Object;)V" line="48"><counter type="INSTRUCTION" missed="0" covered="36"/><counter type="BRANCH" missed="0" covered="4"/><counter type="LINE" missed="0" covered="10"/><counter type="COMPLEXITY" missed="0" covered="3"/><counter type="METHOD" missed="0" covered="1"/></method><method name="obtener" desc="(I)Ljava/lang/Object;" line="63"><counter type="INSTRUCTION" missed="0" covered="25"/><counter type="BRANCH" missed="1" covered="3"/><counter type="LINE" missed="0" covered="8"/><counter type="COMPLEXITY" missed="1" covered="2"/><counter type="METHOD" missed="0" covered="1"/></method><method name="eliminar" desc="(I)V" line="77"><counter type="INSTRUCTION" missed="0" covered="92"/><counter type="BRANCH" missed="1" covered="15"/><counter type="LINE" missed="0" covered="22"/><counter type="COMPLEXITY" missed="1" covered="8"/><counter type="METHOD" missed="0" covered="1"/></method><method name="modificarPosicion" desc="(ILjava/lang/Object;)V" line="110"><counter type="INSTRUCTION" missed="4" covered="71"/><counter type="BRANCH" missed="1" covered="9"/><counter type="LINE" missed="1" covered="20"/><counter type="COMPLEXITY" missed="1" covered="5"/><counter type="METHOD" missed="0" covered="1"/></method><method name="copiar" desc="()Laed/ListaEnlazada;" line="137"><counter type="INSTRUCTION" missed="0" covered="5"/><counter type="LINE" missed="0" covered="1"/><counter type="COMPLEXITY" missed="0" covered="1"/><counter type="METHOD" missed="0" covered="1"/></method><method name="toString" desc="()Ljava/lang/String;" line="146"><counter type="INSTRUCTION" missed="0" covered="44"/><counter type="BRANCH" missed="0" covered="4"/><counter type="LINE" missed="0" covered="9"/><counter type="COMPLEXITY" missed="0" covered="3"/><counter type="METHOD" missed="0" covered="1"/></method><method name="iterador" desc="()Laed/Iterador;" line="192"><counter type="INSTRUCTION" missed="0" covered="6"/><counter type="LINE" missed="0" covered="1"/><counter type="COMPLEXITY" missed="0" covered="1"/><counter type="METHOD" missed="0" covered="1"/></method><counter type="INSTRUCTION" missed="4" covered="331"/><counter type="BRANCH" missed="3" covered="37"/><counter type="LINE" missed="1" covered="88"/><counter type="COMPLEXITY" missed="3" covered="28"/><counter type="METHOD" missed="0" covered="11"/><counter type="CLASS" missed="0" covered="1"/></class><class name="aed/ListaEnlazada$ListaIterador" sourcefilename="ListaEnlazada.java"><method name="&lt;init&gt;" desc="(Laed/ListaEnlazada;)V" line="159"><counter type="INSTRUCTION" missed="0" covered="6"/><counter type="LINE" missed="0" covered="1"/><counter type="COMPLEXITY" missed="0" covered="1"/><counter type="METHOD" missed="0" covered="1"/></method><method name="haySiguiente" desc="()Z" line="164"><counter type="INSTRUCTION" missed="0" covered="10"/><counter type="BRANCH" missed="0" covered="2"/><counter type="LINE" missed="0" covered="1"/><counter type="COMPLEXITY" missed="0" covered="2"/><counter type="METHOD" missed="0" covered="1"/></method><method name="hayAnterior" desc="()Z" line="168"><counter type="INSTRUCTION" missed="0" covered="15"/><counter type="BRANCH" missed="1" covered="3"/><counter type="LINE" missed="0" covered="1"/><counter type="COMPLEXITY" missed="1" covered="2"/><counter type="METHOD" missed="0" covered="1"/></method><method name="siguiente" desc="()Ljava/lang/Object;" line="172"><counter type="INSTRUCTION" missed="0" covered="24"/><counter type="BRANCH" missed="0" covered="2"/><counter type="LINE" missed="0" covered="5"/><counter type="COMPLEXITY" missed="0" covered="2"/><counter type="METHOD" missed="0" covered="1"/></method><method name="anterior" desc="()Ljava/lang/Object;" line="182"><counter type="INSTRUCTION" missed="0" covered="26"/><counter type="BRANCH" missed="0" covered="2"/><counter type="LINE" missed="0" covered="5"/><counter type="COMPLEXITY" missed="0" covered="2"/><counter type="METHOD" missed="0" covered="1"/></method><counter type="INSTRUCTION" missed="0" covered="81"/><counter type="BRANCH" missed="1" covered="9"/><counter type="LINE" missed="0" covered="13"/><counter type="COMPLEXITY" missed="1" covered="9"/><counter type="METHOD" missed="0" covered="5"/><counter type="CLASS" missed="0" covered="1"/></class><class name="aed/Secuencia" sourcefilename="Secuencia.java"/><class name="aed/Iterador" sourcefilename="Iterador.java"/><class name="aed/ListaEnlazada$Nodo" sourcefilename="ListaEnlazada.java"><method name="&lt;init&gt;" desc="(Laed/ListaEnlazada;Ljava/lang/Object;)V" line="14"><counter type="INSTRUCTION" missed="0" covered="9"/><counter type="LINE" missed="0" covered="3"/><counter type="COMPLEXITY" missed="0" covered="1"/><counter type="METHOD" missed="0" covered="1"/></method><counter type="INSTRUCTION" missed="0" covered="9"/><counter type="LINE" missed="0" covered="3"/><counter type="COMPLEXITY" missed="0" covered="1"/><counter type="METHOD" missed="0" covered="1"/><counter type="CLASS" missed="0" covered="1"/></class><sourcefile name="ListaEnlazada.java"><line nr="14" mi="0" ci="5" mb="0" cb="0"/><line nr="15" mi="0" ci="3" mb="0" cb="0"/><line nr="16" mi="0" ci="1" mb="0" cb="0"/><line nr="20" mi="0" ci="2" mb="0" cb="0"/><line nr="21" mi="0" ci="3" mb="0" cb="0"/><line nr="22" mi="0" ci="1" mb="0" cb="0"/><line nr="24" mi="0" ci="2" mb="0" cb="0"/><line nr="25" mi="0" ci="4" mb="0" cb="0"/><line nr="26" mi="0" ci="4" mb="0" cb="0"/><line nr="27" mi="0" ci="1" mb="0" cb="0"/><line nr="30" mi="0" ci="3" mb="0" cb="0"/><line nr="34" mi="0" ci="6" mb="0" cb="0"/><line nr="35" mi="0" ci="3" mb="0" cb="0"/><line nr="36" mi="0" ci="3" mb="0" cb="2"/><line nr="37" mi="0" ci="4" mb="0" cb="0"/><line nr="39" mi="0" ci="3" mb="0" cb="0"/><line nr="40" mi="0" ci="3" mb="0" cb="0"/><line nr="41" mi="0" ci="3" mb="0" cb="0"/><line nr="43" mi="0" ci="6" mb="0" cb="0"/><line nr="45" mi="0" ci="1" mb="0" cb="0"/><line nr="48" mi="0" ci="6" mb="0" cb="0"/><line nr="49" mi="0" ci="3" mb="0" cb="0"/><line nr="50" mi="0" ci="3" mb="0" cb="2"/><line nr="51" mi="0" ci="4" mb="0" cb="0"/><line nr="53" mi="0" ci="3" mb="0" cb="2"/><line nr="54" mi="0" ci="4" mb="0" cb="0"/><line nr="56" mi="0" ci="3" mb="0" cb="0"/><line nr="57" mi="0" ci="3" mb="0" cb="0"/><line nr="59" mi="0" ci="6" mb="0" cb="0"/><line nr="60" mi="0" ci="1" mb="0" cb="0"/><line nr="63" mi="0" ci="2" mb="0" cb="0"/><line nr="64" mi="0" ci="3" mb="0" cb="0"/><line nr="65" mi="0" ci="8" mb="1" cb="1"/><line nr="66" mi="0" ci="3" mb="0" cb="2"/><line nr="67" mi="0" ci="3" mb="0" cb="0"/><line nr="68" mi="0" ci="1" mb="0" cb="0"/><line nr="70" mi="0" ci="3" mb="0" cb="0"/><line nr="73" mi="0" ci="2" mb="0" cb="0"/><line nr="77" mi="0" ci="3" mb="0" cb="0"/><line nr="78" mi="0" ci="3" mb="0" cb="0"/><line nr="79" mi="0" ci="3" mb="0" cb="0"/><line nr="80" mi="0" ci="6" mb="0" cb="4"/><line nr="81" mi="0" ci="4" mb="0" cb="0"/><line nr="83" mi="0" ci="6" mb="1" cb="3"/><line nr="84" mi="0" ci="3" mb="0" cb="0"/><line nr="85" mi="0" ci="4" mb="0" cb="0"/><line nr="86" mi="0" ci="6" mb="0" cb="2"/><line nr="87" mi="0" ci="9" mb="0" cb="2"/><line nr="88" mi="0" ci="3" mb="0" cb="0"/><line nr="89" mi="0" ci="6" mb="0" cb="2"/><line nr="90" mi="0" ci="4" mb="0" cb="0"/><line nr="92" mi="0" ci="3" mb="0" cb="0"/><line nr="96" mi="0" ci="7" mb="0" cb="2"/><line nr="97" mi="0" ci="3" mb="0" cb="0"/><line nr="99" mi="0" ci="3" mb="0" cb="0"/><line nr="100" mi="0" ci="3" mb="0" cb="0"/><line nr="101" mi="0" ci="3" mb="0" cb="0"/><line nr="102" mi="0" ci="3" mb="0" cb="0"/><line nr="105" mi="0" ci="6" mb="0" cb="0"/><line nr="107" mi="0" ci="1" mb="0" cb="0"/><line nr="110" mi="0" ci="3" mb="0" cb="0"/><line nr="111" mi="0" ci="3" mb="0" cb="0"/><line nr="112" mi="0" ci="6" mb="0" cb="0"/><line nr="113" mi="0" ci="2" mb="0" cb="2"/><line nr="114" mi="0" ci="3" mb="0" cb="0"/><line nr="115" mi="0" ci="3" mb="0" cb="0"/><line nr="116" mi="0" ci="3" mb="0" cb="0"/><line nr="117" mi="0" ci="3" mb="0" cb="0"/><line nr="119" mi="0" ci="8" mb="0" cb="2"/><line nr="120" mi="0" ci="3" mb="0" cb="0"/><line nr="121" mi="0" ci="9" mb="1" cb="3"/><line nr="122" mi="4" ci="0" mb="0" cb="0"/><line nr="123" mi="0" ci="3" mb="0" cb="2"/><line nr="124" mi="0" ci="3" mb="0" cb="0"/><line nr="125" mi="0" ci="2" mb="0" cb="0"/><line nr="126" mi="0" ci="3" mb="0" cb="0"/><line nr="127" mi="0" ci="3" mb="0" cb="0"/><line nr="128" mi="0" ci="3" mb="0" cb="0"/><line nr="129" mi="0" ci="4" mb="0" cb="0"/><line nr="131" mi="0" ci="3" mb="0" cb="0"/><line nr="134" mi="0" ci="1" mb="0" cb="0"/><line nr="137" mi="0" ci="5" mb="0" cb="0"/><line nr="146" mi="0" ci="4" mb="0" cb="0"/><line nr="147" mi="0" ci="4" mb="0" cb="0"/><line nr="148" mi="0" ci="8" mb="0" cb="2"/><line nr="149" mi="0" ci="6" mb="0" cb="0"/><line nr="150" mi="0" ci="5" mb="0" cb="0"/><line nr="151" mi="0" ci="6" mb="0" cb="2"/><line nr="152" mi="0" ci="4" mb="0" cb="0"/><line nr="155" mi="0" ci="4" mb="0" cb="0"/><line nr="156" mi="0" ci="3" mb="0" cb="0"/><line nr="159" mi="0" ci="6" mb="0" cb="0"/><line nr="164" mi="0" ci="10" mb="0" cb="2"/><line nr="168" mi="0" ci="15" mb="1" cb="3"/><line nr="172" mi="0" ci="4" mb="0" cb="0"/><line nr="173" mi="0" ci="8" mb="0" cb="2"/><line nr="174" mi="0" ci="3" mb="0" cb="0"/><line nr="176" mi="0" ci="6" mb="0" cb="0"/><line nr="177" mi="0" ci="3" mb="0" cb="0"/><line nr="182" mi="0" ci="4" mb="0" cb="0"/><line nr="183" mi="0" ci="10" mb="0" cb="2"/><line nr="184" mi="0" ci="3" mb="0" cb="0"/><line nr="186" mi="0" ci="6" mb="0" cb="0"/><line nr="187" mi="0" ci="3" mb="0" cb="0"/><line nr="192" mi="0" ci="6" mb="0" cb="0"/><counter type="INSTRUCTION" missed="4" covered="421"/><counter type="BRANCH" missed="4" covered="46"/><counter type="LINE" missed="1" covered="104"/><counter type="COMPLEXITY" missed="4" covered="38"/><counter type="METHOD" missed="0" covered="17"/><counter type="CLASS" missed="0" covered="3"/></sourcefile><sourcefile name="Secuencia.java"/><sourcefile name="Iterador.java"/><counter type="INSTRUCTION" missed="4" covered="421"/><counter type="BRANCH" missed="4" covered="46"/><counter type="LINE" missed="1" covered="104"/><counter type="COMPLEXITY" missed="4" covered="38"/><counter type="METHOD" missed="0" covered="17"/><counter type="CLASS" missed="0" covered="3"/></package><counter type="INSTRUCTION" missed="4" covered="421"/><counter type="BRANCH" missed="4" covered="46"/><counter type="LINE" missed="1" covered="104"/><counter type="COMPLEXITY" missed="4" covered="38"/><counter type="METHOD" missed="0" covered="17"/><counter type="CLASS" missed="0" covered="3"/></report>